[0m13:11:20.001926 [debug] [MainThread]: Sending event: {'category': 'dbt', 'action': 'invocation', 'label': 'start', 'context': [<snowplow_tracker.self_describing_json.SelfDescribingJson object at 0x0000028063010290>, <snowplow_tracker.self_describing_json.SelfDescribingJson object at 0x0000028061C30A10>, <snowplow_tracker.self_describing_json.SelfDescribingJson object at 0x0000028062FC6490>]}


============================== 13:11:20.023885 | 6e8c8cda-ec52-4851-9476-e97089db08e0 ==============================
[0m13:11:20.023885 [info ] [MainThread]: Running with dbt=1.11.2
[0m13:11:20.026848 [debug] [MainThread]: running dbt with arguments {'version_check': 'True', 'no_print': 'None', 'static_parser': 'True', 'target_path': 'None', 'warn_error_options': 'WarnErrorOptionsV2(error=[], warn=[], silence=[])', 'printer_width': '80', 'write_json': 'True', 'introspect': 'True', 'log_cache_events': 'False', 'empty': 'None', 'cache_selected_only': 'False', 'fail_fast': 'False', 'debug': 'False', 'log_format': 'default', 'partial_parse': 'True', 'send_anonymous_usage_stats': 'True', 'quiet': 'False', 'warn_error': 'None', 'profiles_dir': 'C:\\Users\\Administrator\\.dbt', 'indirect_selection': 'eager', 'use_colors': 'True', 'invocation_command': 'dbt init my_dbt_project', 'use_experimental_parser': 'False', 'log_path': 'logs'}
[0m13:11:20.221329 [info ] [MainThread]: Creating dbt configuration folder at C:\Users\Administrator\.dbt
[0m13:11:20.234294 [debug] [MainThread]: Starter project path: C:\Users\Administrator\AppData\Local\Programs\Python\Python311\Lib\site-packages\dbt\include\starter_project
[0m13:11:20.260224 [info ] [MainThread]: 
Your new dbt project "my_dbt_project" was created!

For more information on how to configure the profiles.yml file,
please consult the dbt documentation here:

  https://docs.getdbt.com/docs/configure-your-profile

One more thing:

Need help? Don't hesitate to reach out to us via GitHub issues or on Slack:

  https://community.getdbt.com/

Happy modeling!

[0m13:11:20.262219 [info ] [MainThread]: Setting up your profile.
[0m13:11:29.834798 [debug] [MainThread]: Snowflake adapter: Setting snowflake.connector to ERROR (file logging only)
[0m13:11:29.835799 [debug] [MainThread]: Snowflake adapter: Setting botocore to ERROR (file logging only)
[0m13:11:29.835799 [debug] [MainThread]: Snowflake adapter: Setting boto3 to ERROR (file logging only)
[0m13:12:54.666092 [info ] [MainThread]: Profile my_dbt_project written to C:\Users\Administrator\.dbt\profiles.yml using target's profile_template.yml and your supplied values. Run 'dbt debug' to validate the connection.
[0m13:12:54.668123 [debug] [MainThread]: Command `dbt init` succeeded at 13:12:54.668123 after 94.83 seconds
[0m13:12:54.669120 [debug] [MainThread]: Sending event: {'category': 'dbt', 'action': 'invocation', 'label': 'end', 'context': [<snowplow_tracker.self_describing_json.SelfDescribingJson object at 0x000002805BEDA590>, <snowplow_tracker.self_describing_json.SelfDescribingJson object at 0x0000028061D323D0>, <snowplow_tracker.self_describing_json.SelfDescribingJson object at 0x000002805BAC05D0>]}
[0m13:12:54.671133 [debug] [MainThread]: Flushing usage events
[0m13:12:57.624611 [debug] [MainThread]: An error was encountered while trying to flush usage events
[0m13:13:24.552282 [debug] [MainThread]: Sending event: {'category': 'dbt', 'action': 'invocation', 'label': 'start', 'context': [<snowplow_tracker.self_describing_json.SelfDescribingJson object at 0x000001F9D688DB90>, <snowplow_tracker.self_describing_json.SelfDescribingJson object at 0x000001F9D55701D0>, <snowplow_tracker.self_describing_json.SelfDescribingJson object at 0x000001F9D688C410>]}


============================== 13:13:24.557285 | fa926254-a9ef-4a61-a872-3b6cd7c60587 ==============================
[0m13:13:24.557285 [info ] [MainThread]: Running with dbt=1.11.2
[0m13:13:24.558278 [debug] [MainThread]: running dbt with arguments {'static_parser': 'True', 'no_print': 'None', 'version_check': 'True', 'target_path': 'None', 'warn_error_options': 'WarnErrorOptionsV2(error=[], warn=[], silence=[])', 'printer_width': '80', 'write_json': 'True', 'empty': 'None', 'log_cache_events': 'False', 'introspect': 'True', 'cache_selected_only': 'False', 'log_format': 'default', 'debug': 'False', 'fail_fast': 'False', 'profiles_dir': 'C:\\Users\\Administrator\\.dbt', 'send_anonymous_usage_stats': 'True', 'quiet': 'False', 'warn_error': 'None', 'partial_parse': 'True', 'use_colors': 'True', 'invocation_command': 'dbt debug', 'indirect_selection': 'eager', 'use_experimental_parser': 'False', 'log_path': 'logs'}
[0m13:13:24.599759 [info ] [MainThread]: dbt version: 1.11.2
[0m13:13:24.600737 [info ] [MainThread]: python version: 3.11.9
[0m13:13:24.603716 [info ] [MainThread]: python path: C:\Users\Administrator\AppData\Local\Programs\Python\Python311\python.exe
[0m13:13:24.609260 [info ] [MainThread]: os info: Windows-10-10.0.19045-SP0
[0m13:13:25.495203 [debug] [MainThread]: Snowflake adapter: Setting snowflake.connector to ERROR (file logging only)
[0m13:13:25.495203 [debug] [MainThread]: Snowflake adapter: Setting botocore to ERROR (file logging only)
[0m13:13:25.496201 [debug] [MainThread]: Snowflake adapter: Setting boto3 to ERROR (file logging only)
[0m13:13:25.596931 [info ] [MainThread]: Using profiles dir at C:\Users\Administrator\.dbt
[0m13:13:25.597576 [info ] [MainThread]: Using profiles.yml file at C:\Users\Administrator\.dbt\profiles.yml
[0m13:13:25.600641 [info ] [MainThread]: Using dbt_project.yml file at C:\Users\Administrator\Desktop\modern_bi_project\dbt_project.yml
[0m13:13:25.616051 [info ] [MainThread]: adapter type: snowflake
[0m13:13:25.620030 [info ] [MainThread]: adapter version: 1.11.1
[0m13:13:25.621030 [info ] [MainThread]: Configuration:
[0m13:13:25.627013 [info ] [MainThread]:   profiles.yml file [[32mOK found and valid[0m]
[0m13:13:25.629015 [info ] [MainThread]:   dbt_project.yml file [[31mERROR not found[0m]
[0m13:13:25.630006 [info ] [MainThread]: Required dependencies:
[0m13:13:25.631001 [debug] [MainThread]: Executing "git --help"
[0m13:13:25.778995 [debug] [MainThread]: STDOUT: "b"usage: git [-v | --version] [-h | --help] [-C <path>] [-c <name>=<value>]\n           [--exec-path[=<path>]] [--html-path] [--man-path] [--info-path]\n           [-p | --paginate | -P | --no-pager] [--no-replace-objects] [--no-lazy-fetch]\n           [--no-optional-locks] [--no-advice] [--bare] [--git-dir=<path>]\n           [--work-tree=<path>] [--namespace=<name>] [--config-env=<name>=<envvar>]\n           <command> [<args>]\n\nThese are common Git commands used in various situations:\n\nstart a working area (see also: git help tutorial)\n   clone      Clone a repository into a new directory\n   init       Create an empty Git repository or reinitialize an existing one\n\nwork on the current change (see also: git help everyday)\n   add        Add file contents to the index\n   mv         Move or rename a file, a directory, or a symlink\n   restore    Restore working tree files\n   rm         Remove files from the working tree and from the index\n\nexamine the history and state (see also: git help revisions)\n   bisect     Use binary search to find the commit that introduced a bug\n   diff       Show changes between commits, commit and working tree, etc\n   grep       Print lines matching a pattern\n   log        Show commit logs\n   show       Show various types of objects\n   status     Show the working tree status\n\ngrow, mark and tweak your common history\n   backfill   Download missing objects in a partial clone\n   branch     List, create, or delete branches\n   commit     Record changes to the repository\n   merge      Join two or more development histories together\n   rebase     Reapply commits on top of another base tip\n   reset      Reset current HEAD to the specified state\n   switch     Switch branches\n   tag        Create, list, delete or verify a tag object signed with GPG\n\ncollaborate (see also: git help workflows)\n   fetch      Download objects and refs from another repository\n   pull       Fetch from and integrate with another repository or a local branch\n   push       Update remote refs along with associated objects\n\n'git help -a' and 'git help -g' list available subcommands and some\nconcept guides. See 'git help <command>' or 'git help <concept>'\nto read about a specific subcommand or concept.\nSee 'git help git' for an overview of the system.\n""
[0m13:13:25.778995 [debug] [MainThread]: STDERR: "b''"
[0m13:13:25.779977 [info ] [MainThread]:  - git [[32mOK found[0m]

[0m13:13:25.780974 [info ] [MainThread]: Connection:
[0m13:13:25.785001 [info ] [MainThread]:   account: aq12666.af-south-1.aws
[0m13:13:25.788954 [info ] [MainThread]:   user: AYOUB23
[0m13:13:25.789950 [info ] [MainThread]:   database: ECOMMERCE_DB
[0m13:13:25.790951 [info ] [MainThread]:   warehouse: COMPUTE_WH
[0m13:13:25.791946 [info ] [MainThread]:   role: 1
[0m13:13:25.792945 [info ] [MainThread]:   schema: PUBLIC
[0m13:13:25.794951 [info ] [MainThread]:   authenticator: None
[0m13:13:25.795945 [info ] [MainThread]:   oauth_client_id: None
[0m13:13:25.796935 [info ] [MainThread]:   query_tag: None
[0m13:13:25.797930 [info ] [MainThread]:   client_session_keep_alive: False
[0m13:13:25.798928 [info ] [MainThread]:   host: None
[0m13:13:25.799925 [info ] [MainThread]:   port: None
[0m13:13:25.800922 [info ] [MainThread]:   proxy_host: None
[0m13:13:25.800922 [info ] [MainThread]:   proxy_port: None
[0m13:13:25.801919 [info ] [MainThread]:   protocol: None
[0m13:13:25.802917 [info ] [MainThread]:   connect_retries: 1
[0m13:13:25.803928 [info ] [MainThread]:   connect_timeout: None
[0m13:13:25.804912 [info ] [MainThread]:   retry_on_database_errors: False
[0m13:13:25.805913 [info ] [MainThread]:   retry_all: False
[0m13:13:25.813886 [info ] [MainThread]:   insecure_mode: False
[0m13:13:25.815886 [info ] [MainThread]:   reuse_connections: True
[0m13:13:25.816879 [info ] [MainThread]:   s3_stage_vpce_dns_name: None
[0m13:13:25.817875 [info ] [MainThread]:   platform_detection_timeout_seconds: 0.0
[0m13:13:25.818873 [info ] [MainThread]: Registered adapter: snowflake=1.11.1
[0m13:13:26.377411 [debug] [MainThread]: Acquiring new snowflake connection 'debug'
[0m13:13:26.528410 [debug] [MainThread]: Using snowflake connection "debug"
[0m13:13:26.529407 [debug] [MainThread]: On debug: select 1 as id
[0m13:13:26.529407 [debug] [MainThread]: Opening a new connection, currently in state init
[0m13:13:30.468245 [debug] [MainThread]: Snowflake adapter: Error running SQL: select 1 as id
[0m13:13:30.469243 [debug] [MainThread]: Snowflake adapter: Rolling back transaction.
[0m13:13:30.469243 [info ] [MainThread]:   Connection test: [[31mERROR[0m]

[0m13:13:30.471209 [info ] [MainThread]: [31m2 checks failed:[0m
[0m13:13:30.480863 [info ] [MainThread]: Project loading failed for the following reason:
 project path <C:\Users\Administrator\Desktop\modern_bi_project\dbt_project.yml> not found

[0m13:13:30.482818 [info ] [MainThread]: dbt was unable to connect to the specified database.
The database returned the following error:

  >Database Error
  250001 (08001): Failed to connect to DB: aq12666.af-south-1.aws.snowflakecomputing.com:443. Role '1' specified in the connect string does not exist or not authorized. Contact your local system administrator, or attempt to login with another role, e.g. PUBLIC.

Check your database credentials and try again. For more information, visit:
https://docs.getdbt.com/docs/configure-your-profile


[0m13:13:30.484814 [debug] [MainThread]: Command `dbt debug` failed at 13:13:30.484814 after 6.07 seconds
[0m13:13:30.485845 [debug] [MainThread]: Connection 'debug' was left open.
[0m13:13:30.486843 [debug] [MainThread]: On debug: No close available on handle
[0m13:13:30.486843 [debug] [MainThread]: Sending event: {'category': 'dbt', 'action': 'invocation', 'label': 'end', 'context': [<snowplow_tracker.self_describing_json.SelfDescribingJson object at 0x000001F9D68BF450>, <snowplow_tracker.self_describing_json.SelfDescribingJson object at 0x000001F9CF4C02D0>, <snowplow_tracker.self_describing_json.SelfDescribingJson object at 0x000001F9CF4C0550>]}
[0m13:13:30.487840 [debug] [MainThread]: Flushing usage events
[0m13:13:32.370793 [debug] [MainThread]: An error was encountered while trying to flush usage events
